<?xml version="1.0" encoding="UTF-8" ?>
<testsuite failures="0" time="0.002" errors="0" skipped="0" tests="0" name="edu.cmu.lti.oaqa.graph.canonicalTest.QueryHandlerTest">
  <properties>
    <property name="java.runtime.name" value="Java(TM) SE Runtime Environment"/>
    <property name="sun.boot.library.path" value="/System/Library/Java/JavaVirtualMachines/1.6.0.jdk/Contents/Libraries"/>
    <property name="java.vm.version" value="20.8-b03-424"/>
    <property name="awt.nativeDoubleBuffering" value="true"/>
    <property name="gopherProxySet" value="false"/>
    <property name="mrj.build" value="11M3720"/>
    <property name="java.vm.vendor" value="Apple Inc."/>
    <property name="java.vendor.url" value="http://www.apple.com/"/>
    <property name="path.separator" value=":"/>
    <property name="java.vm.name" value="Java HotSpot(TM) 64-Bit Server VM"/>
    <property name="file.encoding.pkg" value="sun.io"/>
    <property name="user.country" value="US"/>
    <property name="sun.java.launcher" value="SUN_STANDARD"/>
    <property name="sun.os.patch.level" value="unknown"/>
    <property name="java.vm.specification.name" value="Java Virtual Machine Specification"/>
    <property name="user.dir" value="/Users/jackm321/Documents/workspace/edu.cmu.lti.oaqa.graph.KGraph"/>
    <property name="java.runtime.version" value="1.6.0_33-b03-424-11M3720"/>
    <property name="java.awt.graphicsenv" value="apple.awt.CGraphicsEnvironment"/>
    <property name="basedir" value="/Users/jackm321/Documents/workspace/edu.cmu.lti.oaqa.graph.KGraph"/>
    <property name="java.endorsed.dirs" value="/System/Library/Java/JavaVirtualMachines/1.6.0.jdk/Contents/Home/lib/endorsed"/>
    <property name="os.arch" value="x86_64"/>
    <property name="surefire.real.class.path" value="/Users/jackm321/Documents/workspace/edu.cmu.lti.oaqa.graph.KGraph/target/surefire/surefirebooter8232391517823429913.jar"/>
    <property name="java.io.tmpdir" value="/var/folders/ts/rd7_ns_14pl6n0psg6812y0r0000gn/T/"/>
    <property name="line.separator" value="
"/>
    <property name="java.vm.specification.vendor" value="Sun Microsystems Inc."/>
    <property name="os.name" value="Mac OS X"/>
    <property name="sun.jnu.encoding" value="MacRoman"/>
    <property name="java.library.path" value=".:/Library/Java/Extensions:/System/Library/Java/Extensions:/usr/lib/java"/>
    <property name="surefire.test.class.path" value="/Users/jackm321/Documents/workspace/edu.cmu.lti.oaqa.graph.KGraph/target/test-classes:/Users/jackm321/Documents/workspace/edu.cmu.lti.oaqa.graph.KGraph/target/classes:/Users/jackm321/.m2/repository/junit/junit/3.8.1/junit-3.8.1.jar:/Users/jackm321/.m2/repository/com/google/guava/guava/13.0-rc1/guava-13.0-rc1.jar:/Users/jackm321/.m2/repository/edu/cmu/lti/oaqa/graph/graph-core/1.0.2-SNAPSHOT/graph-core-1.0.2-SNAPSHOT.jar:/Users/jackm321/.m2/repository/com/tinkerpop/blueprints/blueprints-core/2.0.0/blueprints-core-2.0.0.jar:/Users/jackm321/.m2/repository/org/codehaus/jettison/jettison/1.3/jettison-1.3.jar:/Users/jackm321/.m2/repository/stax/stax-api/1.0.1/stax-api-1.0.1.jar:/Users/jackm321/.m2/repository/org/codehaus/jackson/jackson-jaxrs/1.8.5/jackson-jaxrs-1.8.5.jar:/Users/jackm321/.m2/repository/org/codehaus/jackson/jackson-core-asl/1.8.5/jackson-core-asl-1.8.5.jar:/Users/jackm321/.m2/repository/org/codehaus/jackson/jackson-mapper-asl/1.8.5/jackson-mapper-asl-1.8.5.jar:/Users/jackm321/.m2/repository/colt/colt/1.2.0/colt-1.2.0.jar:/Users/jackm321/.m2/repository/concurrent/concurrent/1.3.4/concurrent-1.3.4.jar:/Users/jackm321/.m2/repository/com/tinkerpop/blueprints/blueprints-neo4j-graph/2.0.0/blueprints-neo4j-graph-2.0.0.jar:/Users/jackm321/.m2/repository/org/neo4j/neo4j-kernel/1.8.M02/neo4j-kernel-1.8.M02.jar:/Users/jackm321/.m2/repository/org/apache/geronimo/specs/geronimo-jta_1.1_spec/1.1.1/geronimo-jta_1.1_spec-1.1.1.jar:/Users/jackm321/.m2/repository/org/neo4j/neo4j-lucene-index/1.8.M02/neo4j-lucene-index-1.8.M02.jar:/Users/jackm321/.m2/repository/org/apache/lucene/lucene-core/3.5.0/lucene-core-3.5.0.jar:/Users/jackm321/.m2/repository/org/neo4j/neo4j-graph-algo/1.8.M02/neo4j-graph-algo-1.8.M02.jar:/Users/jackm321/.m2/repository/org/neo4j/neo4j-udc/1.8.M02/neo4j-udc-1.8.M02.jar:/Users/jackm321/.m2/repository/org/neo4j/neo4j-graph-matching/1.8.M02/neo4j-graph-matching-1.8.M02.jar:/Users/jackm321/.m2/repository/org/neo4j/neo4j-cypher/1.8.M02/neo4j-cypher-1.8.M02.jar:/Users/jackm321/.m2/repository/org/scala-lang/scala-library/2.9.1-1/scala-library-2.9.1-1.jar:/Users/jackm321/.m2/repository/org/neo4j/neo4j-jmx/1.8.M02/neo4j-jmx-1.8.M02.jar:/Users/jackm321/.m2/repository/org/neo4j/neo4j-ha/1.8.M02/neo4j-ha-1.8.M02.jar:/Users/jackm321/.m2/repository/org/neo4j/neo4j-backup/1.8.M02/neo4j-backup-1.8.M02.jar:/Users/jackm321/.m2/repository/org/apache/zookeeper/zookeeper/3.3.2/zookeeper-3.3.2.jar:/Users/jackm321/.m2/repository/org/neo4j/neo4j-com/1.8.M02/neo4j-com-1.8.M02.jar:/Users/jackm321/.m2/repository/org/apache/servicemix/bundles/org.apache.servicemix.bundles.netty/3.2.5.Final_1/org.apache.servicemix.bundles.netty-3.2.5.Final_1.jar:/Users/jackm321/.m2/repository/log4j/log4j/1.2.16/log4j-1.2.16.jar:/Users/jackm321/.m2/repository/org/neo4j/neo4j-management/1.8.M02/neo4j-management-1.8.M02.jar:/Users/jackm321/.m2/repository/com/tinkerpop/blueprints/blueprints-rexster-graph/2.0.0/blueprints-rexster-graph-2.0.0.jar:/Users/jackm321/.m2/repository/commons-codec/commons-codec/1.4/commons-codec-1.4.jar:"/>
    <property name="java.specification.name" value="Java Platform API Specification"/>
    <property name="java.class.version" value="50.0"/>
    <property name="sun.management.compiler" value="HotSpot 64-Bit Tiered Compilers"/>
    <property name="os.version" value="10.8.1"/>
    <property name="http.nonProxyHosts" value="local|*.local|169.254/16|*.169.254/16"/>
    <property name="user.home" value="/Users/jackm321"/>
    <property name="user.timezone" value=""/>
    <property name="java.awt.printerjob" value="apple.awt.CPrinterJob"/>
    <property name="java.specification.version" value="1.6"/>
    <property name="file.encoding" value="MacRoman"/>
    <property name="user.name" value="jackm321"/>
    <property name="java.class.path" value="/Users/jackm321/Documents/workspace/edu.cmu.lti.oaqa.graph.KGraph/target/test-classes:/Users/jackm321/Documents/workspace/edu.cmu.lti.oaqa.graph.KGraph/target/classes:/Users/jackm321/.m2/repository/junit/junit/3.8.1/junit-3.8.1.jar:/Users/jackm321/.m2/repository/com/google/guava/guava/13.0-rc1/guava-13.0-rc1.jar:/Users/jackm321/.m2/repository/edu/cmu/lti/oaqa/graph/graph-core/1.0.2-SNAPSHOT/graph-core-1.0.2-SNAPSHOT.jar:/Users/jackm321/.m2/repository/com/tinkerpop/blueprints/blueprints-core/2.0.0/blueprints-core-2.0.0.jar:/Users/jackm321/.m2/repository/org/codehaus/jettison/jettison/1.3/jettison-1.3.jar:/Users/jackm321/.m2/repository/stax/stax-api/1.0.1/stax-api-1.0.1.jar:/Users/jackm321/.m2/repository/org/codehaus/jackson/jackson-jaxrs/1.8.5/jackson-jaxrs-1.8.5.jar:/Users/jackm321/.m2/repository/org/codehaus/jackson/jackson-core-asl/1.8.5/jackson-core-asl-1.8.5.jar:/Users/jackm321/.m2/repository/org/codehaus/jackson/jackson-mapper-asl/1.8.5/jackson-mapper-asl-1.8.5.jar:/Users/jackm321/.m2/repository/colt/colt/1.2.0/colt-1.2.0.jar:/Users/jackm321/.m2/repository/concurrent/concurrent/1.3.4/concurrent-1.3.4.jar:/Users/jackm321/.m2/repository/com/tinkerpop/blueprints/blueprints-neo4j-graph/2.0.0/blueprints-neo4j-graph-2.0.0.jar:/Users/jackm321/.m2/repository/org/neo4j/neo4j-kernel/1.8.M02/neo4j-kernel-1.8.M02.jar:/Users/jackm321/.m2/repository/org/apache/geronimo/specs/geronimo-jta_1.1_spec/1.1.1/geronimo-jta_1.1_spec-1.1.1.jar:/Users/jackm321/.m2/repository/org/neo4j/neo4j-lucene-index/1.8.M02/neo4j-lucene-index-1.8.M02.jar:/Users/jackm321/.m2/repository/org/apache/lucene/lucene-core/3.5.0/lucene-core-3.5.0.jar:/Users/jackm321/.m2/repository/org/neo4j/neo4j-graph-algo/1.8.M02/neo4j-graph-algo-1.8.M02.jar:/Users/jackm321/.m2/repository/org/neo4j/neo4j-udc/1.8.M02/neo4j-udc-1.8.M02.jar:/Users/jackm321/.m2/repository/org/neo4j/neo4j-graph-matching/1.8.M02/neo4j-graph-matching-1.8.M02.jar:/Users/jackm321/.m2/repository/org/neo4j/neo4j-cypher/1.8.M02/neo4j-cypher-1.8.M02.jar:/Users/jackm321/.m2/repository/org/scala-lang/scala-library/2.9.1-1/scala-library-2.9.1-1.jar:/Users/jackm321/.m2/repository/org/neo4j/neo4j-jmx/1.8.M02/neo4j-jmx-1.8.M02.jar:/Users/jackm321/.m2/repository/org/neo4j/neo4j-ha/1.8.M02/neo4j-ha-1.8.M02.jar:/Users/jackm321/.m2/repository/org/neo4j/neo4j-backup/1.8.M02/neo4j-backup-1.8.M02.jar:/Users/jackm321/.m2/repository/org/apache/zookeeper/zookeeper/3.3.2/zookeeper-3.3.2.jar:/Users/jackm321/.m2/repository/org/neo4j/neo4j-com/1.8.M02/neo4j-com-1.8.M02.jar:/Users/jackm321/.m2/repository/org/apache/servicemix/bundles/org.apache.servicemix.bundles.netty/3.2.5.Final_1/org.apache.servicemix.bundles.netty-3.2.5.Final_1.jar:/Users/jackm321/.m2/repository/log4j/log4j/1.2.16/log4j-1.2.16.jar:/Users/jackm321/.m2/repository/org/neo4j/neo4j-management/1.8.M02/neo4j-management-1.8.M02.jar:/Users/jackm321/.m2/repository/com/tinkerpop/blueprints/blueprints-rexster-graph/2.0.0/blueprints-rexster-graph-2.0.0.jar:/Users/jackm321/.m2/repository/commons-codec/commons-codec/1.4/commons-codec-1.4.jar:"/>
    <property name="java.vm.specification.version" value="1.0"/>
    <property name="sun.arch.data.model" value="64"/>
    <property name="java.home" value="/System/Library/Java/JavaVirtualMachines/1.6.0.jdk/Contents/Home"/>
    <property name="sun.java.command" value="/Users/jackm321/Documents/workspace/edu.cmu.lti.oaqa.graph.KGraph/target/surefire/surefirebooter8232391517823429913.jar /Users/jackm321/Documents/workspace/edu.cmu.lti.oaqa.graph.KGraph/target/surefire/surefire1166363945789022022tmp /Users/jackm321/Documents/workspace/edu.cmu.lti.oaqa.graph.KGraph/target/surefire/surefire3259547878193491633tmp"/>
    <property name="java.specification.vendor" value="Sun Microsystems Inc."/>
    <property name="user.language" value="en"/>
    <property name="awt.toolkit" value="apple.awt.CToolkit"/>
    <property name="java.vm.info" value="mixed mode"/>
    <property name="java.version" value="1.6.0_33"/>
    <property name="java.ext.dirs" value="/Library/Java/Extensions:/System/Library/Java/Extensions:/System/Library/Java/JavaVirtualMachines/1.6.0.jdk/Contents/Home/lib/ext"/>
    <property name="sun.boot.class.path" value="/System/Library/Java/JavaVirtualMachines/1.6.0.jdk/Contents/Classes/jsfd.jar:/System/Library/Java/JavaVirtualMachines/1.6.0.jdk/Contents/Classes/classes.jar:/System/Library/Frameworks/JavaVM.framework/Frameworks/JavaRuntimeSupport.framework/Resources/Java/JavaRuntimeSupport.jar:/System/Library/Java/JavaVirtualMachines/1.6.0.jdk/Contents/Classes/ui.jar:/System/Library/Java/JavaVirtualMachines/1.6.0.jdk/Contents/Classes/laf.jar:/System/Library/Java/JavaVirtualMachines/1.6.0.jdk/Contents/Classes/sunrsasign.jar:/System/Library/Java/JavaVirtualMachines/1.6.0.jdk/Contents/Classes/jsse.jar:/System/Library/Java/JavaVirtualMachines/1.6.0.jdk/Contents/Classes/jce.jar:/System/Library/Java/JavaVirtualMachines/1.6.0.jdk/Contents/Classes/charsets.jar"/>
    <property name="java.vendor" value="Apple Inc."/>
    <property name="localRepository" value="/Users/jackm321/.m2/repository"/>
    <property name="file.separator" value="/"/>
    <property name="java.vendor.url.bug" value="http://bugreport.apple.com/"/>
    <property name="sun.cpu.endian" value="little"/>
    <property name="sun.io.unicode.encoding" value="UnicodeLittle"/>
    <property name="mrj.version" value="1070.1.6.0_33-424"/>
    <property name="socksNonProxyHosts" value="local|*.local|169.254/16|*.169.254/16"/>
    <property name="ftp.nonProxyHosts" value="local|*.local|169.254/16|*.169.254/16"/>
    <property name="sun.cpu.isalist" value=""/>
  </properties>
</testsuite>